This is pdfTeX, Version 3.14159265-2.6-1.40.15 (TeX Live 2014) (preloaded format=latex 2014.9.24)  8 FEB 2015 13:42
entering extended mode
 restricted \write18 enabled.
 %&-line parsing enabled.
**Chapters/Chapter2.tex
(./Chapters/Chapter2.tex
LaTeX2e <2014/05/01>
Babel <3.9k> and hyphenation patterns for 78 languages loaded.
! Undefined control sequence.
l.3 \chapter
            {Literature Review} % Main chapter title
? ^^XXX
Type <return> to proceed, S to scroll future error messages,
R to run without stopping, Q to run quietly,
I to insert something, E to edit your file,
1 or ... or 9 to ignore the next 1 to 9 tokens of input,
H for help, X to quit.
? X
 
Here is how much of TeX's memory you used:
 6 strings out of 493118
 158 string characters out of 6135459
 52906 words of memory out of 5000000
 3568 multiletter control sequences out of 15000+600000
 3640 words of font info for 14 fonts, out of 8000000 for 9000
 1141 hyphenation exceptions out of 8191
 5i,0n,1p,76b,8s stack positions out of 5000i,500n,10000p,200000b,80000s
No pages of output.
