\BOOKMARK [0][-]{dummy.1}{\376\377\000D\000e\000c\000l\000a\000r\000a\000t\000i\000o\000n\000\040\000o\000f\000\040\000A\000u\000t\000h\000o\000r\000s\000h\000i\000p}{}% 1
\BOOKMARK [0][-]{dummy.2}{\376\377\000A\000b\000s\000t\000r\000a\000c\000t}{}% 2
\BOOKMARK [0][-]{dummy.3}{\376\377\000A\000c\000k\000n\000o\000w\000l\000e\000d\000g\000e\000m\000e\000n\000t\000s}{}% 3
\BOOKMARK [0][-]{dummy.4}{\376\377\000C\000o\000n\000t\000e\000n\000t\000s}{}% 4
\BOOKMARK [0][-]{dummy.6}{\376\377\000L\000i\000s\000t\000\040\000o\000f\000\040\000F\000i\000g\000u\000r\000e\000s}{}% 5
\BOOKMARK [0][-]{dummy.8}{\376\377\000L\000i\000s\000t\000\040\000o\000f\000\040\000T\000a\000b\000l\000e\000s}{}% 6
\BOOKMARK [0][-]{dummy.10}{\376\377\000A\000b\000b\000r\000e\000v\000i\000a\000t\000i\000o\000n\000s}{}% 7
\BOOKMARK [0][-]{chapter.13}{\376\377\0001\000\040\000I\000n\000t\000r\000o\000d\000u\000c\000t\000i\000o\000n}{}% 8
\BOOKMARK [1][-]{section.14}{\376\377\0001\000.\0001\000\040\000P\000r\000o\000j\000e\000c\000t\000\040\000B\000a\000c\000k\000g\000r\000o\000u\000n\000d}{chapter.13}% 9
\BOOKMARK [2][-]{subsection.15}{\376\377\0001\000.\0001\000.\0001\000\040\000S\000u\000b\000s\000e\000c\000t\000i\000o\000n\000\040\0001}{section.14}% 10
\BOOKMARK [2][-]{subsection.16}{\376\377\0001\000.\0001\000.\0002\000\040\000S\000u\000b\000s\000e\000c\000t\000i\000o\000n\000\040\0002}{section.14}% 11
\BOOKMARK [1][-]{section.17}{\376\377\0001\000.\0002\000\040\000P\000r\000o\000j\000e\000c\000t\000\040\000D\000e\000s\000c\000r\000i\000p\000t\000i\000o\000n}{chapter.13}% 12
\BOOKMARK [1][-]{section.18}{\376\377\0001\000.\0003\000\040\000R\000e\000s\000e\000a\000r\000c\000h\000\040\000A\000i\000m\000s\000\040\000a\000n\000d\000\040\000O\000b\000j\000e\000c\000t\000i\000v\000e\000s}{chapter.13}% 13
\BOOKMARK [2][-]{subsection.19}{\376\377\0001\000.\0003\000.\0001\000\040\000S\000u\000b\000s\000e\000c\000t\000i\000o\000n\000\040\0001}{section.18}% 14
\BOOKMARK [2][-]{subsection.20}{\376\377\0001\000.\0003\000.\0002\000\040\000S\000u\000b\000s\000e\000c\000t\000i\000o\000n\000\040\0002}{section.18}% 15
\BOOKMARK [1][-]{section.21}{\376\377\0001\000.\0004\000\040\000R\000e\000s\000e\000a\000r\000c\000h\000\040\000M\000e\000t\000h\000o\000d\000s}{chapter.13}% 16
\BOOKMARK [2][-]{subsection.22}{\376\377\0001\000.\0004\000.\0001\000\040\000S\000u\000b\000s\000e\000c\000t\000i\000o\000n\000\040\0001}{section.21}% 17
\BOOKMARK [2][-]{subsection.23}{\376\377\0001\000.\0004\000.\0002\000\040\000S\000u\000b\000s\000e\000c\000t\000i\000o\000n\000\040\0002}{section.21}% 18
\BOOKMARK [1][-]{section.24}{\376\377\0001\000.\0005\000\040\000S\000c\000o\000p\000e\000\040\000a\000n\000d\000\040\000L\000i\000m\000i\000t\000a\000t\000i\000o\000n\000s}{chapter.13}% 19
\BOOKMARK [2][-]{subsection.25}{\376\377\0001\000.\0005\000.\0001\000\040\000S\000u\000b\000s\000e\000c\000t\000i\000o\000n\000\040\0001}{section.24}% 20
\BOOKMARK [2][-]{subsection.26}{\376\377\0001\000.\0005\000.\0002\000\040\000S\000u\000b\000s\000e\000c\000t\000i\000o\000n\000\040\0002}{section.24}% 21
\BOOKMARK [1][-]{section.27}{\376\377\0001\000.\0006\000\040\000O\000r\000g\000a\000n\000i\000s\000a\000t\000i\000o\000n\000\040\000o\000f\000\040\000D\000i\000s\000s\000e\000r\000t\000a\000t\000i\000o\000n}{chapter.13}% 22
\BOOKMARK [0][-]{chapter.28}{\376\377\0002\000\040\000L\000i\000t\000e\000r\000a\000t\000u\000r\000e\000\040\000R\000e\000v\000i\000e\000w}{}% 23
\BOOKMARK [1][-]{section.29}{\376\377\0002\000.\0001\000\040\000I\000n\000t\000r\000o\000d\000u\000c\000t\000i\000o\000n}{chapter.28}% 24
\BOOKMARK [1][-]{section.30}{\376\377\0002\000.\0002\000\040\000M\000a\000c\000h\000i\000n\000e\000\040\000L\000e\000a\000r\000n\000i\000n\000g}{chapter.28}% 25
\BOOKMARK [1][-]{section.31}{\376\377\0002\000.\0003\000\040\000S\000u\000p\000e\000r\000v\000i\000s\000e\000d\000\040\000L\000e\000a\000r\000n\000i\000n\000g}{chapter.28}% 26
\BOOKMARK [2][-]{subsection.32}{\376\377\0002\000.\0003\000.\0001\000\040\000R\000e\000g\000r\000e\000s\000s\000i\000o\000n}{section.31}% 27
\BOOKMARK [2][-]{subsection.33}{\376\377\0002\000.\0003\000.\0002\000\040\000D\000e\000c\000i\000s\000i\000o\000n\000\040\000T\000a\000b\000l\000e\000s}{section.31}% 28
\BOOKMARK [2][-]{subsection.34}{\376\377\0002\000.\0003\000.\0003\000\040\000B\000a\000y\000e\000s\000i\000a\000n\000\040\000N\000e\000t\000w\000o\000r\000k\000s}{section.31}% 29
\BOOKMARK [2][-]{subsection.35}{\376\377\0002\000.\0003\000.\0004\000\040\000A\000r\000t\000i\000f\000i\000c\000i\000a\000l\000\040\000N\000e\000u\000r\000a\000l\000\040\000N\000e\000t\000w\000o\000r\000k\000s}{section.31}% 30
\BOOKMARK [2][-]{subsection.36}{\376\377\0002\000.\0003\000.\0005\000\040\000D\000e\000c\000i\000s\000i\000o\000n\000\040\000T\000r\000e\000e\000\040\000L\000e\000a\000r\000n\000i\000n\000g}{section.31}% 31
\BOOKMARK [2][-]{subsection.37}{\376\377\0002\000.\0003\000.\0006\000\040\000S\000u\000p\000p\000o\000r\000t\000\040\000V\000e\000c\000t\000o\000r\000\040\000M\000a\000c\000h\000i\000n\000e\000s}{section.31}% 32
\BOOKMARK [1][-]{section.38}{\376\377\0002\000.\0004\000\040\000U\000n\000s\000u\000p\000e\000r\000v\000i\000s\000e\000d\000\040\000L\000e\000a\000r\000n\000i\000n\000g}{chapter.28}% 33
\BOOKMARK [2][-]{subsection.39}{\376\377\0002\000.\0004\000.\0001\000\040\000C\000l\000u\000s\000t\000e\000r\000i\000n\000g}{section.38}% 34
\BOOKMARK [2][-]{subsection.40}{\376\377\0002\000.\0004\000.\0002\000\040\000K\000-\000m\000e\000a\000n\000s}{section.38}% 35
\BOOKMARK [1][-]{section.41}{\376\377\0002\000.\0005\000\040\000A\000r\000g\000u\000m\000e\000n\000t\000a\000t\000i\000o\000n\000\040\000T\000h\000e\000o\000r\000y}{chapter.28}% 36
\BOOKMARK [2][-]{subsection.42}{\376\377\0002\000.\0005\000.\0001\000\040\000N\000o\000n\000-\000M\000o\000n\000o\000t\000o\000n\000i\000c\000\040\000R\000e\000a\000s\000o\000n\000i\000n\000g}{section.41}% 37
\BOOKMARK [2][-]{subsection.43}{\376\377\0002\000.\0005\000.\0002\000\040\000D\000e\000f\000e\000a\000s\000i\000b\000l\000e\000\040\000R\000e\000a\000s\000o\000n\000i\000n\000g}{section.41}% 38
\BOOKMARK [2][-]{subsection.44}{\376\377\0002\000.\0005\000.\0003\000\040\000A\000r\000g\000u\000m\000e\000n\000t\000a\000t\000i\000o\000n\000\040\000T\000h\000e\000o\000r\000y\000\040\000i\000n\000\040\000A\000I}{section.41}% 39
\BOOKMARK [2][-]{subsection.47}{\376\377\0002\000.\0005\000.\0004\000\040\000A\000r\000g\000u\000m\000e\000n\000t\000a\000t\000i\000o\000n\000\040\000T\000h\000e\000o\000r\000y\000\040\000I\000m\000p\000l\000e\000m\000e\000n\000t\000a\000t\000i\000o\000n\000s}{section.41}% 40
\BOOKMARK [1][-]{section.48}{\376\377\0002\000.\0006\000\040\000C\000o\000n\000c\000l\000u\000s\000i\000o\000n\000s}{chapter.28}% 41
\BOOKMARK [0][-]{chapter.49}{\376\377\0003\000\040\000D\000e\000s\000i\000g\000n}{}% 42
\BOOKMARK [1][-]{section.50}{\376\377\0003\000.\0001\000\040\000I\000n\000t\000r\000o\000d\000u\000c\000i\000o\000n}{chapter.49}% 43
\BOOKMARK [2][-]{subsection.51}{\376\377\0003\000.\0001\000.\0001\000\040\000S\000u\000b\000s\000e\000c\000t\000i\000o\000n\000\040\0001}{section.50}% 44
\BOOKMARK [2][-]{subsection.52}{\376\377\0003\000.\0001\000.\0002\000\040\000S\000u\000b\000s\000e\000c\000t\000i\000o\000n\000\040\0002}{section.50}% 45
\BOOKMARK [1][-]{section.53}{\376\377\0003\000.\0002\000\040\000M\000e\000t\000h\000o\000d\000o\000l\000o\000g\000i\000e\000s}{chapter.49}% 46
\BOOKMARK [1][-]{section.54}{\376\377\0003\000.\0003\000\040\000C\000o\000n\000c\000l\000u\000s\000i\000o\000n\000s}{chapter.49}% 47
\BOOKMARK [0][-]{chapter.55}{\376\377\0004\000\040\000E\000x\000p\000e\000r\000i\000m\000e\000n\000t}{}% 48
\BOOKMARK [1][-]{section.56}{\376\377\0004\000.\0001\000\040\000I\000n\000t\000r\000o\000d\000u\000c\000t\000i\000o\000n}{chapter.55}% 49
\BOOKMARK [2][-]{subsection.57}{\376\377\0004\000.\0001\000.\0001\000\040\000S\000u\000b\000s\000e\000c\000t\000i\000o\000n\000\040\0001}{section.56}% 50
\BOOKMARK [2][-]{subsection.58}{\376\377\0004\000.\0001\000.\0002\000\040\000S\000u\000b\000s\000e\000c\000t\000i\000o\000n\000\040\0002}{section.56}% 51
\BOOKMARK [1][-]{section.59}{\376\377\0004\000.\0002\000\040\000C\000o\000n\000c\000l\000u\000s\000i\000o\000n\000s}{chapter.55}% 52
\BOOKMARK [0][-]{chapter.60}{\376\377\0005\000\040\000E\000v\000a\000l\000u\000a\000t\000i\000o\000n}{}% 53
\BOOKMARK [1][-]{section.61}{\376\377\0005\000.\0001\000\040\000E\000v\000a\000l\000u\000a\000t\000i\000o\000n}{chapter.60}% 54
\BOOKMARK [2][-]{subsection.62}{\376\377\0005\000.\0001\000.\0001\000\040\000S\000u\000b\000s\000e\000c\000t\000i\000o\000n\000\040\0001}{section.61}% 55
\BOOKMARK [2][-]{subsection.63}{\376\377\0005\000.\0001\000.\0002\000\040\000S\000u\000b\000s\000e\000c\000t\000i\000o\000n\000\040\0002}{section.61}% 56
\BOOKMARK [1][-]{section.64}{\376\377\0005\000.\0002\000\040\000C\000o\000n\000c\000l\000u\000s\000i\000o\000n\000s}{chapter.60}% 57
\BOOKMARK [0][-]{chapter.65}{\376\377\0006\000\040\000C\000o\000n\000c\000l\000u\000s\000i\000o\000n\000s\000\040\000a\000n\000d\000\040\000F\000u\000t\000u\000r\000e\000\040\000W\000o\000r\000k}{}% 58
\BOOKMARK [1][-]{section.66}{\376\377\0006\000.\0001\000\040\000I\000n\000t\000r\000o\000d\000u\000c\000t\000i\000o\000n}{chapter.65}% 59
\BOOKMARK [2][-]{subsection.67}{\376\377\0006\000.\0001\000.\0001\000\040\000S\000u\000b\000s\000e\000c\000t\000i\000o\000n\000\040\0001}{section.66}% 60
\BOOKMARK [2][-]{subsection.68}{\376\377\0006\000.\0001\000.\0002\000\040\000S\000u\000b\000s\000e\000c\000t\000i\000o\000n\000\040\0002}{section.66}% 61
\BOOKMARK [1][-]{section.69}{\376\377\0006\000.\0002\000\040\000C\000o\000n\000c\000l\000u\000s\000i\000o\000n\000s}{chapter.65}% 62
\BOOKMARK [1][-]{section.70}{\376\377\0006\000.\0003\000\040\000F\000u\000t\000u\000r\000e\000\040\000W\000o\000r\000k}{chapter.65}% 63
\BOOKMARK [0][-]{appendix.71}{\376\377\000A\000\040\000A\000p\000p\000e\000n\000d\000i\000x\000\040\000T\000i\000t\000l\000e\000\040\000H\000e\000r\000e}{}% 64
\BOOKMARK [0][-]{dummy.72}{\376\377\000B\000i\000b\000l\000i\000o\000g\000r\000a\000p\000h\000y}{}% 65
